<?xml version="1.0" encoding="UTF-8"?>
<testng-results ignored="0" total="1" passed="1" failed="0" skipped="0">
  <reporter-output>
  </reporter-output>
  <suite started-at="2024-03-21T19:07:48 IST" name="Default suite" finished-at="2024-03-21T19:08:22 IST" duration-ms="34175">
    <groups>
    </groups>
    <test started-at="2024-03-21T19:07:48 IST" name="Default test" finished-at="2024-03-21T19:08:22 IST" duration-ms="34175">
      <class name="test_scripts.Script_26">
        <test-method signature="Verify_Scroll_Up_without_Arrow_btn_and_Scroll_Down_functionality()[pri:0, instance:test_scripts.Script_26@534a5a98]" started-at="2024-03-21T19:07:48 IST" name="Verify_Scroll_Up_without_Arrow_btn_and_Scroll_Down_functionality" finished-at="2024-03-21T19:08:22 IST" duration-ms="33962" status="PASS">
          <reporter-output>
          </reporter-output>
        </test-method> <!-- Verify_Scroll_Up_without_Arrow_btn_and_Scroll_Down_functionality -->
      </class> <!-- test_scripts.Script_26 -->
    </test> <!-- Default test -->
  </suite> <!-- Default suite -->
</testng-results>
